<?xml version="1.0" encoding="UTF-8"?>
<!-- Generated by org.testng.reporters.JUnitXMLReporter -->
<testsuite hostname="Lenovo" ignored="0" name="Default test" tests="5" failures="0" timestamp="2019-10-11T16:31:47 ART" time="26.16" errors="0">
  <testcase name="launchPage" time="16.26" classname="com.test.Aliexpress_Test"/>
  <testcase name="lookForItem" time="4.343" classname="com.test.Aliexpress_Test"/>
  <testcase name="goToPageN" time="2.122" classname="com.test.Aliexpress_Test"/>
  <testcase name="lookForElementM" time="2.704" classname="com.test.Aliexpress_Test"/>
  <testcase name="verifyAvailability" time="0.688" classname="com.test.Aliexpress_Test"/>
</testsuite> <!-- Default test -->
